{"/Users/azmi/Documents/Learning/NodeJs/nodejs-kafka/catalog_service/dist/repository/mockCatalog.repository.js": {"path":"/Users/azmi/Documents/Learning/NodeJs/nodejs-kafka/catalog_service/dist/repository/mockCatalog.repository.js","all":false,"statementMap":{"0":{"start":{"line":1,"column":0},"end":{"line":1,"column":13}},"1":{"start":{"line":2,"column":0},"end":{"line":2,"column":62}},"2":{"start":{"line":3,"column":0},"end":{"line":3,"column":39}},"3":{"start":{"line":4,"column":0},"end":{"line":4,"column":29}},"4":{"start":{"line":5,"column":0},"end":{"line":5,"column":18}},"5":{"start":{"line":6,"column":0},"end":{"line":6,"column":61}},"6":{"start":{"line":7,"column":0},"end":{"line":7,"column":44}},"7":{"start":{"line":8,"column":0},"end":{"line":8,"column":5}},"8":{"start":{"line":9,"column":0},"end":{"line":9,"column":18}},"9":{"start":{"line":10,"column":0},"end":{"line":10,"column":37}},"10":{"start":{"line":11,"column":0},"end":{"line":11,"column":5}},"11":{"start":{"line":12,"column":0},"end":{"line":12,"column":16}},"12":{"start":{"line":13,"column":0},"end":{"line":13,"column":35}},"13":{"start":{"line":14,"column":0},"end":{"line":14,"column":5}},"14":{"start":{"line":15,"column":0},"end":{"line":15,"column":25}},"15":{"start":{"line":16,"column":0},"end":{"line":16,"column":35}},"16":{"start":{"line":17,"column":0},"end":{"line":17,"column":5}},"17":{"start":{"line":18,"column":0},"end":{"line":18,"column":17}},"18":{"start":{"line":19,"column":0},"end":{"line":19,"column":39}},"19":{"start":{"line":20,"column":0},"end":{"line":20,"column":5}},"20":{"start":{"line":21,"column":0},"end":{"line":21,"column":1}},"21":{"start":{"line":22,"column":0},"end":{"line":22,"column":54}}},"s":{"0":1,"1":1,"2":1,"3":1,"4":1,"5":0,"6":0,"7":0,"8":1,"9":0,"10":0,"11":1,"12":0,"13":0,"14":1,"15":0,"16":0,"17":1,"18":1,"19":1,"20":1,"21":1},"branchMap":{"0":{"type":"branch","line":1,"loc":{"start":{"line":1,"column":0},"end":{"line":22,"column":54}},"locations":[{"start":{"line":1,"column":0},"end":{"line":22,"column":54}}]},"1":{"type":"branch","line":1,"loc":{"start":{"line":1,"column":0},"end":{"line":22,"column":54}},"locations":[{"start":{"line":1,"column":0},"end":{"line":22,"column":54}}]},"2":{"type":"branch","line":18,"loc":{"start":{"line":18,"column":4},"end":{"line":20,"column":5}},"locations":[{"start":{"line":18,"column":4},"end":{"line":20,"column":5}}]}},"b":{"0":[1],"1":[1],"2":[1]},"fnMap":{"0":{"name":"Object.<anonymous>","decl":{"start":{"line":1,"column":0},"end":{"line":22,"column":54}},"loc":{"start":{"line":1,"column":0},"end":{"line":22,"column":54}},"line":1},"1":{"name":"create","decl":{"start":{"line":5,"column":4},"end":{"line":8,"column":5}},"loc":{"start":{"line":5,"column":4},"end":{"line":8,"column":5}},"line":5},"2":{"name":"update","decl":{"start":{"line":9,"column":4},"end":{"line":11,"column":5}},"loc":{"start":{"line":9,"column":4},"end":{"line":11,"column":5}},"line":9},"3":{"name":"delete","decl":{"start":{"line":12,"column":4},"end":{"line":14,"column":5}},"loc":{"start":{"line":12,"column":4},"end":{"line":14,"column":5}},"line":12},"4":{"name":"find","decl":{"start":{"line":15,"column":4},"end":{"line":17,"column":5}},"loc":{"start":{"line":15,"column":4},"end":{"line":17,"column":5}},"line":15},"5":{"name":"findOne","decl":{"start":{"line":18,"column":4},"end":{"line":20,"column":5}},"loc":{"start":{"line":18,"column":4},"end":{"line":20,"column":5}},"line":18}},"f":{"0":1,"1":0,"2":0,"3":0,"4":0,"5":1}}
,"/Users/azmi/Documents/Learning/NodeJs/nodejs-kafka/catalog_service/dist/services/catalog.service.js": {"path":"/Users/azmi/Documents/Learning/NodeJs/nodejs-kafka/catalog_service/dist/services/catalog.service.js","all":false,"statementMap":{"0":{"start":{"line":1,"column":0},"end":{"line":1,"column":13}},"1":{"start":{"line":2,"column":0},"end":{"line":2,"column":90}},"2":{"start":{"line":3,"column":0},"end":{"line":3,"column":112}},"3":{"start":{"line":4,"column":0},"end":{"line":4,"column":64}},"4":{"start":{"line":5,"column":0},"end":{"line":5,"column":99}},"5":{"start":{"line":6,"column":0},"end":{"line":6,"column":102}},"6":{"start":{"line":7,"column":0},"end":{"line":7,"column":118}},"7":{"start":{"line":8,"column":0},"end":{"line":8,"column":78}},"8":{"start":{"line":9,"column":0},"end":{"line":9,"column":7}},"9":{"start":{"line":10,"column":0},"end":{"line":10,"column":2}},"10":{"start":{"line":11,"column":0},"end":{"line":11,"column":62}},"11":{"start":{"line":12,"column":0},"end":{"line":12,"column":32}},"12":{"start":{"line":13,"column":0},"end":{"line":13,"column":22}},"13":{"start":{"line":14,"column":0},"end":{"line":14,"column":29}},"14":{"start":{"line":15,"column":0},"end":{"line":15,"column":38}},"15":{"start":{"line":16,"column":0},"end":{"line":16,"column":5}},"16":{"start":{"line":17,"column":0},"end":{"line":17,"column":26}},"17":{"start":{"line":18,"column":0},"end":{"line":18,"column":61}},"18":{"start":{"line":19,"column":0},"end":{"line":19,"column":62}},"19":{"start":{"line":20,"column":0},"end":{"line":20,"column":27}},"20":{"start":{"line":21,"column":0},"end":{"line":21,"column":60}},"21":{"start":{"line":22,"column":0},"end":{"line":22,"column":13}},"22":{"start":{"line":23,"column":0},"end":{"line":23,"column":24}},"23":{"start":{"line":24,"column":0},"end":{"line":24,"column":11}},"24":{"start":{"line":25,"column":0},"end":{"line":25,"column":5}},"25":{"start":{"line":26,"column":0},"end":{"line":26,"column":26}},"26":{"start":{"line":27,"column":0},"end":{"line":27,"column":61}},"27":{"start":{"line":28,"column":0},"end":{"line":28,"column":62}},"28":{"start":{"line":29,"column":0},"end":{"line":29,"column":24}},"29":{"start":{"line":30,"column":0},"end":{"line":30,"column":11}},"30":{"start":{"line":31,"column":0},"end":{"line":31,"column":5}},"31":{"start":{"line":32,"column":0},"end":{"line":32,"column":32}},"32":{"start":{"line":33,"column":0},"end":{"line":33,"column":61}},"33":{"start":{"line":34,"column":0},"end":{"line":34,"column":72}},"34":{"start":{"line":35,"column":0},"end":{"line":35,"column":28}},"35":{"start":{"line":36,"column":0},"end":{"line":36,"column":11}},"36":{"start":{"line":37,"column":0},"end":{"line":37,"column":5}},"37":{"start":{"line":38,"column":0},"end":{"line":38,"column":20}},"38":{"start":{"line":39,"column":0},"end":{"line":39,"column":61}},"39":{"start":{"line":40,"column":0},"end":{"line":40,"column":63}},"40":{"start":{"line":41,"column":0},"end":{"line":41,"column":27}},"41":{"start":{"line":42,"column":0},"end":{"line":42,"column":11}},"42":{"start":{"line":43,"column":0},"end":{"line":43,"column":5}},"43":{"start":{"line":44,"column":0},"end":{"line":44,"column":23}},"44":{"start":{"line":45,"column":0},"end":{"line":45,"column":61}},"45":{"start":{"line":46,"column":0},"end":{"line":46,"column":63}},"46":{"start":{"line":47,"column":0},"end":{"line":47,"column":28}},"47":{"start":{"line":48,"column":0},"end":{"line":48,"column":11}},"48":{"start":{"line":49,"column":0},"end":{"line":49,"column":5}},"49":{"start":{"line":50,"column":0},"end":{"line":50,"column":1}},"50":{"start":{"line":51,"column":0},"end":{"line":51,"column":40}}},"s":{"0":1,"1":1,"2":1,"3":1,"4":1,"5":1,"6":1,"7":1,"8":1,"9":1,"10":1,"11":1,"12":1,"13":1,"14":1,"15":1,"16":1,"17":0,"18":0,"19":0,"20":0,"21":0,"22":0,"23":0,"24":0,"25":1,"26":0,"27":0,"28":0,"29":0,"30":0,"31":1,"32":0,"33":0,"34":0,"35":0,"36":0,"37":1,"38":1,"39":1,"40":1,"41":1,"42":1,"43":1,"44":0,"45":0,"46":0,"47":0,"48":0,"49":1,"50":1},"branchMap":{"0":{"type":"branch","line":1,"loc":{"start":{"line":1,"column":0},"end":{"line":51,"column":40}},"locations":[{"start":{"line":1,"column":0},"end":{"line":51,"column":40}}]},"1":{"type":"branch","line":1,"loc":{"start":{"line":1,"column":0},"end":{"line":51,"column":40}},"locations":[{"start":{"line":1,"column":0},"end":{"line":51,"column":40}}]},"2":{"type":"branch","line":2,"loc":{"start":{"line":2,"column":44},"end":{"line":10,"column":1}},"locations":[{"start":{"line":2,"column":44},"end":{"line":10,"column":1}}]},"3":{"type":"branch","line":3,"loc":{"start":{"line":3,"column":4},"end":{"line":3,"column":112}},"locations":[{"start":{"line":3,"column":4},"end":{"line":3,"column":112}}]},"4":{"type":"branch","line":3,"loc":{"start":{"line":3,"column":62},"end":{"line":3,"column":109}},"locations":[{"start":{"line":3,"column":62},"end":{"line":3,"column":109}}]},"5":{"type":"branch","line":4,"loc":{"start":{"line":4,"column":36},"end":{"line":9,"column":5}},"locations":[{"start":{"line":4,"column":36},"end":{"line":9,"column":5}}]},"6":{"type":"branch","line":5,"loc":{"start":{"line":5,"column":8},"end":{"line":5,"column":99}},"locations":[{"start":{"line":5,"column":8},"end":{"line":5,"column":99}}]},"7":{"type":"branch","line":5,"loc":{"start":{"line":5,"column":73},"end":{"line":5,"column":97}},"locations":[{"start":{"line":5,"column":73},"end":{"line":5,"column":97}}]},"8":{"type":"branch","line":7,"loc":{"start":{"line":7,"column":8},"end":{"line":7,"column":118}},"locations":[{"start":{"line":7,"column":8},"end":{"line":7,"column":118}}]},"9":{"type":"branch","line":7,"loc":{"start":{"line":7,"column":44},"end":{"line":7,"column":67}},"locations":[{"start":{"line":7,"column":44},"end":{"line":7,"column":67}}]},"10":{"type":"branch","line":7,"loc":{"start":{"line":7,"column":68},"end":{"line":7,"column":115}},"locations":[{"start":{"line":7,"column":68},"end":{"line":7,"column":115}}]},"11":{"type":"branch","line":14,"loc":{"start":{"line":14,"column":4},"end":{"line":16,"column":5}},"locations":[{"start":{"line":14,"column":4},"end":{"line":16,"column":5}}]},"12":{"type":"branch","line":38,"loc":{"start":{"line":38,"column":4},"end":{"line":43,"column":5}},"locations":[{"start":{"line":38,"column":4},"end":{"line":43,"column":5}}]},"13":{"type":"branch","line":39,"loc":{"start":{"line":39,"column":47},"end":{"line":42,"column":9}},"locations":[{"start":{"line":39,"column":47},"end":{"line":42,"column":9}}]}},"b":{"0":[1],"1":[1],"2":[1],"3":[1],"4":[0],"5":[1],"6":[1],"7":[0],"8":[2],"9":[1],"10":[1],"11":[1],"12":[1],"13":[1]},"fnMap":{"0":{"name":"Object.<anonymous>","decl":{"start":{"line":1,"column":0},"end":{"line":51,"column":40}},"loc":{"start":{"line":1,"column":0},"end":{"line":51,"column":40}},"line":1},"1":{"name":"Object.<anonymous>.__awaiter","decl":{"start":{"line":2,"column":44},"end":{"line":10,"column":1}},"loc":{"start":{"line":2,"column":44},"end":{"line":10,"column":1}},"line":2},"2":{"name":"adopt","decl":{"start":{"line":3,"column":4},"end":{"line":3,"column":112}},"loc":{"start":{"line":3,"column":4},"end":{"line":3,"column":112}},"line":3},"3":{"name":"fulfilled","decl":{"start":{"line":5,"column":8},"end":{"line":5,"column":99}},"loc":{"start":{"line":5,"column":8},"end":{"line":5,"column":99}},"line":5},"4":{"name":"rejected","decl":{"start":{"line":6,"column":8},"end":{"line":6,"column":102}},"loc":{"start":{"line":6,"column":8},"end":{"line":6,"column":102}},"line":6},"5":{"name":"step","decl":{"start":{"line":7,"column":8},"end":{"line":7,"column":118}},"loc":{"start":{"line":7,"column":8},"end":{"line":7,"column":118}},"line":7},"6":{"name":"CatalogService","decl":{"start":{"line":14,"column":4},"end":{"line":16,"column":5}},"loc":{"start":{"line":14,"column":4},"end":{"line":16,"column":5}},"line":14},"7":{"name":"createProduct","decl":{"start":{"line":17,"column":4},"end":{"line":25,"column":5}},"loc":{"start":{"line":17,"column":4},"end":{"line":25,"column":5}},"line":17},"8":{"name":"updateProduct","decl":{"start":{"line":26,"column":4},"end":{"line":31,"column":5}},"loc":{"start":{"line":26,"column":4},"end":{"line":31,"column":5}},"line":26},"9":{"name":"getProducts","decl":{"start":{"line":32,"column":4},"end":{"line":37,"column":5}},"loc":{"start":{"line":32,"column":4},"end":{"line":37,"column":5}},"line":32},"10":{"name":"getProduct","decl":{"start":{"line":38,"column":4},"end":{"line":43,"column":5}},"loc":{"start":{"line":38,"column":4},"end":{"line":43,"column":5}},"line":38},"11":{"name":"deleteProduct","decl":{"start":{"line":44,"column":4},"end":{"line":49,"column":5}},"loc":{"start":{"line":44,"column":4},"end":{"line":49,"column":5}},"line":44}},"f":{"0":1,"1":1,"2":1,"3":1,"4":0,"5":2,"6":1,"7":0,"8":0,"9":0,"10":1,"11":0}}
,"/Users/azmi/Documents/Learning/NodeJs/nodejs-kafka/catalog_service/src/repository/mockCatalog.repository.ts": {"path":"/Users/azmi/Documents/Learning/NodeJs/nodejs-kafka/catalog_service/src/repository/mockCatalog.repository.ts","all":false,"statementMap":{"0":{"start":{"line":1,"column":0},"end":{"line":1,"column":78}},"1":{"start":{"line":2,"column":0},"end":{"line":2,"column":50}},"2":{"start":{"line":3,"column":0},"end":{"line":3,"column":0}},"3":{"start":{"line":4,"column":0},"end":{"line":4,"column":66}},"4":{"start":{"line":5,"column":0},"end":{"line":5,"column":45}},"5":{"start":{"line":6,"column":0},"end":{"line":6,"column":29}},"6":{"start":{"line":7,"column":0},"end":{"line":7,"column":20}},"7":{"start":{"line":8,"column":0},"end":{"line":8,"column":23}},"8":{"start":{"line":9,"column":0},"end":{"line":9,"column":21}},"9":{"start":{"line":10,"column":0},"end":{"line":10,"column":44}},"10":{"start":{"line":11,"column":0},"end":{"line":11,"column":5}},"11":{"start":{"line":12,"column":0},"end":{"line":12,"column":45}},"12":{"start":{"line":13,"column":0},"end":{"line":13,"column":59}},"13":{"start":{"line":14,"column":0},"end":{"line":14,"column":5}},"14":{"start":{"line":15,"column":0},"end":{"line":15,"column":36}},"15":{"start":{"line":16,"column":0},"end":{"line":16,"column":35}},"16":{"start":{"line":17,"column":0},"end":{"line":17,"column":5}},"17":{"start":{"line":18,"column":0},"end":{"line":18,"column":61}},"18":{"start":{"line":19,"column":0},"end":{"line":19,"column":35}},"19":{"start":{"line":20,"column":0},"end":{"line":20,"column":5}},"20":{"start":{"line":21,"column":0},"end":{"line":21,"column":40}},"21":{"start":{"line":22,"column":0},"end":{"line":22,"column":59}},"22":{"start":{"line":23,"column":0},"end":{"line":23,"column":5}},"23":{"start":{"line":24,"column":0},"end":{"line":24,"column":4}},"24":{"start":{"line":25,"column":0},"end":{"line":25,"column":1}}},"s":{"0":1,"1":1,"2":1,"3":1,"4":1,"5":0,"6":0,"7":0,"8":0,"9":0,"10":0,"11":1,"12":0,"13":0,"14":1,"15":0,"16":0,"17":1,"18":0,"19":0,"20":1,"21":1,"22":1,"23":1,"24":1},"branchMap":{"0":{"type":"branch","line":21,"loc":{"start":{"line":21,"column":4},"end":{"line":23,"column":5}},"locations":[{"start":{"line":21,"column":4},"end":{"line":23,"column":5}}]}},"b":{"0":[1]},"fnMap":{"0":{"name":"create","decl":{"start":{"line":5,"column":4},"end":{"line":11,"column":5}},"loc":{"start":{"line":5,"column":4},"end":{"line":11,"column":5}},"line":5},"1":{"name":"update","decl":{"start":{"line":12,"column":4},"end":{"line":14,"column":5}},"loc":{"start":{"line":12,"column":4},"end":{"line":14,"column":5}},"line":12},"2":{"name":"delete","decl":{"start":{"line":15,"column":4},"end":{"line":17,"column":5}},"loc":{"start":{"line":15,"column":4},"end":{"line":17,"column":5}},"line":15},"3":{"name":"find","decl":{"start":{"line":18,"column":4},"end":{"line":20,"column":5}},"loc":{"start":{"line":18,"column":4},"end":{"line":20,"column":5}},"line":18},"4":{"name":"findOne","decl":{"start":{"line":21,"column":4},"end":{"line":23,"column":5}},"loc":{"start":{"line":21,"column":4},"end":{"line":23,"column":5}},"line":21}},"f":{"0":0,"1":0,"2":0,"3":0,"4":1}}
,"/Users/azmi/Documents/Learning/NodeJs/nodejs-kafka/catalog_service/src/services/catalog.service.ts": {"path":"/Users/azmi/Documents/Learning/NodeJs/nodejs-kafka/catalog_service/src/services/catalog.service.ts","all":false,"statementMap":{"0":{"start":{"line":1,"column":0},"end":{"line":1,"column":78}},"1":{"start":{"line":2,"column":0},"end":{"line":2,"column":0}},"2":{"start":{"line":3,"column":0},"end":{"line":3,"column":29}},"3":{"start":{"line":4,"column":0},"end":{"line":4,"column":44}},"4":{"start":{"line":5,"column":0},"end":{"line":5,"column":0}},"5":{"start":{"line":6,"column":0},"end":{"line":6,"column":49}},"6":{"start":{"line":7,"column":0},"end":{"line":7,"column":38}},"7":{"start":{"line":8,"column":0},"end":{"line":8,"column":5}},"8":{"start":{"line":9,"column":0},"end":{"line":9,"column":0}},"9":{"start":{"line":10,"column":0},"end":{"line":10,"column":37}},"10":{"start":{"line":11,"column":0},"end":{"line":11,"column":58}},"11":{"start":{"line":12,"column":0},"end":{"line":12,"column":23}},"12":{"start":{"line":13,"column":0},"end":{"line":13,"column":55}},"13":{"start":{"line":14,"column":0},"end":{"line":14,"column":9}},"14":{"start":{"line":15,"column":0},"end":{"line":15,"column":0}},"15":{"start":{"line":16,"column":0},"end":{"line":16,"column":20}},"16":{"start":{"line":17,"column":0},"end":{"line":17,"column":5}},"17":{"start":{"line":18,"column":0},"end":{"line":18,"column":0}},"18":{"start":{"line":19,"column":0},"end":{"line":19,"column":37}},"19":{"start":{"line":20,"column":0},"end":{"line":20,"column":58}},"20":{"start":{"line":21,"column":0},"end":{"line":21,"column":20}},"21":{"start":{"line":22,"column":0},"end":{"line":22,"column":5}},"22":{"start":{"line":23,"column":0},"end":{"line":23,"column":0}},"23":{"start":{"line":24,"column":0},"end":{"line":24,"column":54}},"24":{"start":{"line":25,"column":0},"end":{"line":25,"column":67}},"25":{"start":{"line":26,"column":0},"end":{"line":26,"column":24}},"26":{"start":{"line":27,"column":0},"end":{"line":27,"column":5}},"27":{"start":{"line":28,"column":0},"end":{"line":28,"column":0}},"28":{"start":{"line":29,"column":0},"end":{"line":29,"column":34}},"29":{"start":{"line":30,"column":0},"end":{"line":30,"column":58}},"30":{"start":{"line":31,"column":0},"end":{"line":31,"column":23}},"31":{"start":{"line":32,"column":0},"end":{"line":32,"column":5}},"32":{"start":{"line":33,"column":0},"end":{"line":33,"column":0}},"33":{"start":{"line":34,"column":0},"end":{"line":34,"column":37}},"34":{"start":{"line":35,"column":0},"end":{"line":35,"column":58}},"35":{"start":{"line":36,"column":0},"end":{"line":36,"column":24}},"36":{"start":{"line":37,"column":0},"end":{"line":37,"column":5}},"37":{"start":{"line":38,"column":0},"end":{"line":38,"column":1}}},"s":{"0":1,"1":1,"2":1,"3":1,"4":1,"5":1,"6":1,"7":1,"8":1,"9":1,"10":0,"11":0,"12":0,"13":0,"14":0,"15":0,"16":0,"17":1,"18":1,"19":0,"20":0,"21":0,"22":1,"23":1,"24":0,"25":0,"26":0,"27":1,"28":1,"29":1,"30":1,"31":1,"32":1,"33":1,"34":0,"35":0,"36":0,"37":1},"branchMap":{"0":{"type":"branch","line":6,"loc":{"start":{"line":6,"column":4},"end":{"line":8,"column":5}},"locations":[{"start":{"line":6,"column":4},"end":{"line":8,"column":5}}]},"1":{"type":"branch","line":29,"loc":{"start":{"line":29,"column":10},"end":{"line":32,"column":5}},"locations":[{"start":{"line":29,"column":10},"end":{"line":32,"column":5}}]}},"b":{"0":[1],"1":[1]},"fnMap":{"0":{"name":"CatalogService","decl":{"start":{"line":6,"column":4},"end":{"line":8,"column":5}},"loc":{"start":{"line":6,"column":4},"end":{"line":8,"column":5}},"line":6},"1":{"name":"createProduct","decl":{"start":{"line":10,"column":10},"end":{"line":17,"column":5}},"loc":{"start":{"line":10,"column":10},"end":{"line":17,"column":5}},"line":10},"2":{"name":"updateProduct","decl":{"start":{"line":19,"column":10},"end":{"line":22,"column":5}},"loc":{"start":{"line":19,"column":10},"end":{"line":22,"column":5}},"line":19},"3":{"name":"getProducts","decl":{"start":{"line":24,"column":10},"end":{"line":27,"column":5}},"loc":{"start":{"line":24,"column":10},"end":{"line":27,"column":5}},"line":24},"4":{"name":"getProduct","decl":{"start":{"line":29,"column":10},"end":{"line":32,"column":5}},"loc":{"start":{"line":29,"column":10},"end":{"line":32,"column":5}},"line":29},"5":{"name":"deleteProduct","decl":{"start":{"line":34,"column":10},"end":{"line":37,"column":5}},"loc":{"start":{"line":34,"column":10},"end":{"line":37,"column":5}},"line":34}},"f":{"0":1,"1":0,"2":0,"3":0,"4":1,"5":0}}
}
