TN:
SF:src/api/catalog.routes.ts
FNF:0
FNH:0
DA:1,1
DA:2,1
DA:3,1
DA:4,1
DA:5,1
DA:6,1
DA:7,1
DA:8,1
DA:9,1
DA:10,1
DA:11,1
DA:12,1
DA:13,1
DA:14,1
DA:15,1
DA:16,1
DA:17,1
DA:18,1
DA:19,1
DA:20,1
DA:21,0
DA:22,0
DA:23,0
DA:24,1
DA:25,1
DA:26,1
DA:27,1
DA:28,1
DA:29,1
DA:30,3
DA:31,3
DA:32,3
DA:33,3
DA:34,3
DA:35,3
DA:36,3
DA:37,2
DA:38,2
DA:39,1
DA:40,1
DA:41,1
DA:42,1
DA:43,1
DA:44,3
DA:45,1
DA:46,1
DA:47,1
DA:48,1
DA:49,1
DA:50,1
DA:51,1
DA:52,1
DA:53,1
DA:54,1
DA:55,1
DA:56,0
DA:57,0
DA:58,0
DA:59,1
DA:60,1
DA:61,1
DA:62,1
DA:63,1
DA:64,1
DA:65,3
DA:66,3
DA:67,3
DA:68,3
DA:69,3
DA:70,3
DA:71,3
DA:72,3
DA:73,3
DA:74,2
DA:75,2
DA:76,1
DA:77,1
DA:78,1
DA:79,1
DA:80,1
DA:81,3
DA:82,1
DA:83,1
DA:84,1
DA:85,1
DA:86,1
DA:87,1
DA:88,1
DA:89,1
DA:90,1
DA:91,1
DA:92,1
DA:93,0
DA:94,0
DA:95,0
DA:96,1
DA:97,1
DA:98,1
DA:99,1
LF:99
LH:90
BRDA:13,0,0,1
BRDA:13,1,0,1
BRDA:20,2,0,0
BRDA:29,3,0,3
BRDA:29,4,0,3
BRDA:36,5,0,1
BRDA:37,6,0,2
BRDA:39,7,0,1
BRDA:49,8,0,1
BRDA:49,9,0,1
BRDA:50,10,0,0
BRDA:55,11,0,0
BRDA:64,12,0,3
BRDA:64,13,0,3
BRDA:71,14,0,0
BRDA:73,15,0,1
BRDA:74,16,0,2
BRDA:76,17,0,1
BRDA:86,18,0,1
BRDA:86,19,0,1
BRDA:87,20,0,0
BRDA:92,21,0,0
BRF:22
BRH:16
end_of_record
TN:
SF:src/dto/product.dto.ts
FNF:0
FNH:0
DA:1,1
DA:2,1
DA:3,1
DA:4,1
DA:5,1
DA:6,1
DA:7,1
DA:8,1
DA:9,1
DA:10,1
DA:11,1
DA:12,1
DA:13,1
DA:14,1
DA:15,1
DA:16,1
DA:17,1
DA:18,1
DA:19,1
DA:20,1
DA:21,1
DA:22,1
DA:23,1
DA:24,1
DA:25,1
DA:26,1
DA:27,1
DA:28,1
LF:28
LH:28
BRF:0
BRH:0
end_of_record
TN:
SF:src/repository/catalog.repository.ts
FN:6,create
FN:10,update
FN:14,delete
FN:18,find
FN:22,findOne
FNF:5
FNH:0
FNDA:0,create
FNDA:0,update
FNDA:0,delete
FNDA:0,find
FNDA:0,findOne
DA:1,1
DA:2,1
DA:3,1
DA:4,1
DA:5,1
DA:6,1
DA:7,0
DA:8,0
DA:9,0
DA:10,1
DA:11,0
DA:12,0
DA:13,0
DA:14,1
DA:15,0
DA:16,0
DA:17,0
DA:18,1
DA:19,0
DA:20,0
DA:21,0
DA:22,1
DA:23,0
DA:24,0
DA:25,0
DA:26,1
LF:26
LH:11
BRF:0
BRH:0
end_of_record
TN:
SF:src/services/catalog.service.ts
FN:6,CatalogService
FN:10,createProduct
FN:18,updateProduct
FN:27,getProducts
FN:32,getProduct
FN:37,deleteProduct
FNF:6
FNH:1
FNDA:1,CatalogService
FNDA:0,createProduct
FNDA:0,updateProduct
FNDA:0,getProducts
FNDA:0,getProduct
FNDA:0,deleteProduct
DA:1,1
DA:2,1
DA:3,1
DA:4,1
DA:5,1
DA:6,1
DA:7,1
DA:8,1
DA:9,1
DA:10,1
DA:11,0
DA:12,0
DA:13,0
DA:14,0
DA:15,0
DA:16,0
DA:17,1
DA:18,1
DA:19,0
DA:20,0
DA:21,0
DA:22,0
DA:23,0
DA:24,0
DA:25,0
DA:26,1
DA:27,1
DA:28,0
DA:29,0
DA:30,0
DA:31,1
DA:32,1
DA:33,0
DA:34,0
DA:35,0
DA:36,1
DA:37,1
DA:38,0
DA:39,0
DA:40,0
DA:41,1
LF:41
LH:19
BRDA:6,0,0,1
BRF:1
BRH:1
end_of_record
TN:
SF:src/utils/requestValidator.ts
FN:4,validationError
FN:18,RequestValidator
FNF:2
FNH:2
FNDA:6,validationError
FNDA:6,RequestValidator
DA:1,1
DA:2,1
DA:3,1
DA:4,1
DA:5,6
DA:6,6
DA:7,6
DA:8,6
DA:9,6
DA:10,6
DA:11,6
DA:12,2
DA:13,2
DA:14,4
DA:15,4
DA:16,4
DA:17,1
DA:18,1
DA:19,6
DA:20,6
DA:21,6
DA:22,6
DA:23,6
DA:24,6
DA:25,6
DA:26,2
DA:27,2
DA:28,2
DA:29,2
DA:30,2
DA:31,2
DA:32,2
DA:33,2
DA:34,4
DA:35,4
DA:36,4
LF:36
LH:36
BRDA:4,0,0,6
BRDA:6,1,0,6
BRDA:11,2,0,2
BRDA:14,3,0,4
BRDA:18,4,0,6
BRDA:21,5,0,6
BRDA:25,6,0,2
BRDA:34,7,0,4
BRDA:27,8,0,2
BRF:9
BRH:9
end_of_record
TN:
SF:src/utils/fixtures/index.ts
FNF:0
FNH:0
DA:1,1
DA:2,1
DA:3,1
DA:4,1
DA:5,1
DA:6,1
DA:7,1
DA:8,1
DA:9,1
DA:10,1
LF:10
LH:10
BRF:0
BRH:0
end_of_record
